<?xml version="1.0" encoding="UTF-8"?>
<!-- Generated by org.testng.reporters.JUnitXMLReporter -->
<testsuite ignored="0" hostname="DESKTOP-1FJC9IP" failures="0" tests="4" name="Default test" time="2.003" errors="0" timestamp="2022-08-06T16:26:30 IST">
  <testcase classname="com.bridgelabz.qa.DB.DB_Test" name="getTableData" time="0.18"/>
  <testcase classname="com.bridgelabz.qa.DB.DB_Test" name="insertData" time="0.32"/>
  <testcase classname="com.bridgelabz.qa.DB.DB_Test" name="updateData" time="0.235"/>
  <testcase classname="com.bridgelabz.qa.DB.DB_Test" name="deleteData" time="0.286"/>
</testsuite> <!-- Default test -->
